{
  "RSpec": {
    "coverage": {
      "/Users/tysonbrown/training/thoughtbot_tdd/todos/app/helpers/application_helper.rb": [
        1,
        null
      ],
      "/Users/tysonbrown/training/thoughtbot_tdd/todos/app/models/todo.rb": [
        1,
        1,
        4,
        null,
        null
      ],
      "/Users/tysonbrown/training/thoughtbot_tdd/todos/app/models/user.rb": [
        1,
        1,
        null,
        1,
        31,
        null,
        null,
        1,
        11,
        null,
        null
      ],
      "/Users/tysonbrown/training/thoughtbot_tdd/todos/app/controllers/application_controller.rb": [
        1,
        null,
        null,
        1,
        null,
        1,
        4,
        null,
        null,
        1,
        null,
        28,
        null,
        1,
        null
      ],
      "/Users/tysonbrown/training/thoughtbot_tdd/todos/app/controllers/sessions_controller.rb": [
        1,
        1,
        4,
        4,
        null,
        null
      ],
      "/Users/tysonbrown/training/thoughtbot_tdd/todos/app/controllers/todos_controller.rb": [
        1,
        1,
        8,
        null,
        null,
        1,
        3,
        null,
        null,
        1,
        3,
        3,
        3,
        3,
        null,
        null,
        1,
        1,
        3,
        null,
        null
      ],
      "/Users/tysonbrown/training/thoughtbot_tdd/todos/app/controllers/completions_controller.rb": [
        1,
        1,
        null,
        1,
        1,
        1,
        null,
        null
      ]
    },
    "timestamp": 1402352969
  }
}
